<?xml version="1.0" encoding="UTF-8"?>
<!-- Generated by org.testng.reporters.JUnitReportReporter -->
<testsuite hostname="LITU" name="com.testng.dataprovider.Example" tests="4" failures="0" timestamp="14 Aug 2018 19:09:34 GMT" time="0.043" errors="0">
  <testcase name="s" time="0.003" classname="com.testng.dataprovider.Example"/>
  <testcase name="e" time="0.031" classname="com.testng.dataprovider.Example"/>
  <testcase name="s" time="0.005" classname="com.testng.dataprovider.Example"/>
  <testcase name="s" time="0.004" classname="com.testng.dataprovider.Example"/>
</testsuite> <!-- com.testng.dataprovider.Example -->
