<?xml version="1.0" encoding="UTF-8"?>
<!-- Generated by org.testng.reporters.JUnitReportReporter -->
<testsuite hostname="LITU" name="com.demo.Testcase2" tests="2" failures="0" timestamp="30 Aug 2018 14:38:09 GMT" time="0.006" errors="0">
  <testcase name="tc_6" time="0.004" classname="com.demo.Testcase2"/>
  <testcase name="tc_7" time="0.002" classname="com.demo.Testcase2"/>
</testsuite> <!-- com.demo.Testcase2 -->
