<?xml version="1.0" encoding="UTF-8"?>
<!-- Generated by org.testng.reporters.JUnitReportReporter -->
<testsuite hostname="LITU" name="IncludeAndExclude.Test1" tests="3" failures="0" timestamp="27 Sep 2018 06:01:36 GMT" time="0.045" errors="0">
  <testcase name="tc_1" time="0.028" classname="IncludeAndExclude.Test1"/>
  <testcase name="tc_3" time="0.003" classname="IncludeAndExclude.Test1"/>
  <testcase name="tc_2" time="0.014" classname="IncludeAndExclude.Test1"/>
</testsuite> <!-- IncludeAndExclude.Test1 -->
