<?xml version="1.0" encoding="UTF-8"?>
<!-- Generated by org.testng.reporters.JUnitReportReporter -->
<testsuite hostname="LITU" name="com.testng.batchexecution.Test2" tests="3" failures="0" timestamp="3 May 2018 18:55:03 GMT" time="0.010" errors="0">
  <testcase name="tc_4" time="0.004" classname="com.testng.batchexecution.Test2"/>
  <testcase name="tc_6" time="0.003" classname="com.testng.batchexecution.Test2"/>
  <testcase name="tc_5" time="0.003" classname="com.testng.batchexecution.Test2"/>
</testsuite> <!-- com.testng.batchexecution.Test2 -->
