<?xml version="1.0" encoding="UTF-8"?>
<!-- Generated by org.testng.reporters.JUnitReportReporter -->
<testsuite hostname="LITU" name="pac2.ReportUser" tests="1" failures="0" timestamp="13 Aug 2018 18:32:47 GMT" time="0.003" errors="0">
  <testcase name="modifycustomertest1" time="0.003" classname="pac2.ReportUser"/>
</testsuite> <!-- pac2.ReportUser -->
