<?xml version="1.0" encoding="UTF-8"?>
<!-- Generated by org.testng.reporters.JUnitReportReporter -->
<testsuite hostname="LITU" name="com.pagerepository.custTest" tests="1" failures="0" timestamp="17 Aug 2018 12:11:43 GMT" time="22.850" errors="0">
  <testcase name="TestCase" time="22.850" classname="com.pagerepository.custTest"/>
</testsuite> <!-- com.pagerepository.custTest -->
