<?xml version="1.0" encoding="UTF-8"?>
<!-- Generated by org.testng.reporters.JUnitReportReporter -->
<testsuite hostname="LITU" name="com.testng.screenshot.Screenshot" tests="1" failures="0" timestamp="17 Aug 2018 11:00:48 GMT" time="17.762" errors="0">
  <testcase name="tc_1" time="17.762" classname="com.testng.screenshot.Screenshot"/>
</testsuite> <!-- com.testng.screenshot.Screenshot -->
