<?xml version="1.0" encoding="UTF-8"?>
<!-- Generated by org.testng.reporters.JUnitReportReporter -->
<testsuite hostname="LITU" name="pac1.CreateUser" tests="3" failures="0" timestamp="13 Aug 2018 18:32:47 GMT" time="0.020" errors="0">
  <testcase name="modifycustomertest" time="0.002" classname="pac1.CreateUser"/>
  <testcase name="deletecustomertest" time="0.003" classname="pac1.CreateUser"/>
  <testcase name="creatcustomertest" time="0.015" classname="pac1.CreateUser"/>
</testsuite> <!-- pac1.CreateUser -->
