<?xml version="1.0" encoding="UTF-8"?>
<!-- Generated by org.testng.reporters.JUnitReportReporter -->
<testsuite hostname="LITU" name="com.writedata.Write" tests="1" failures="0" timestamp="14 Aug 2018 17:56:28 GMT" time="2.157" errors="0">
  <testcase name="tc_1" time="2.157" classname="com.writedata.Write"/>
</testsuite> <!-- com.writedata.Write -->
