<?xml version="1.0" encoding="UTF-8"?>
<!-- Generated by org.testng.reporters.JUnitReportReporter -->
<testsuite hostname="LITU" name="com.testng.Assertion.SoftAssert" tests="1" failures="0" timestamp="23 Oct 2018 15:18:26 GMT" time="0.020" errors="0">
  <testcase name="tc_1" time="0.020" classname="com.testng.Assertion.SoftAssert"/>
</testsuite> <!-- com.testng.Assertion.SoftAssert -->
