<?xml version="1.0" encoding="UTF-8"?>
<!-- Generated by org.testng.reporters.JUnitReportReporter -->
<testsuite hostname="LITU" name="com.durgasoft.parallelexecution.Test2" tests="6" failures="0" timestamp="23 Oct 2018 18:18:24 GMT" time="0.017" errors="0">
  <testcase name="tc_6" time="0.002" classname="com.durgasoft.parallelexecution.Test2"/>
  <testcase name="tc_4" time="0.002" classname="com.durgasoft.parallelexecution.Test2"/>
  <testcase name="tc_4" time="0.007" classname="com.durgasoft.parallelexecution.Test2"/>
  <testcase name="tc_5" time="0.003" classname="com.durgasoft.parallelexecution.Test2"/>
  <testcase name="tc_5" time="0.001" classname="com.durgasoft.parallelexecution.Test2"/>
  <testcase name="tc_6" time="0.002" classname="com.durgasoft.parallelexecution.Test2"/>
</testsuite> <!-- com.durgasoft.parallelexecution.Test2 -->
