<?xml version="1.0" encoding="UTF-8"?>
<!-- Generated by org.testng.reporters.JUnitReportReporter -->
<testsuite hostname="LITU" name="com.testng.batchexecution.Test3" tests="3" failures="0" timestamp="3 May 2018 18:55:03 GMT" time="0.008" errors="0">
  <testcase name="tc_8" time="0.004" classname="com.testng.batchexecution.Test3"/>
  <testcase name="tc_7" time="0.002" classname="com.testng.batchexecution.Test3"/>
  <testcase name="tc_9" time="0.002" classname="com.testng.batchexecution.Test3"/>
</testsuite> <!-- com.testng.batchexecution.Test3 -->
