<?xml version="1.0" encoding="UTF-8"?>
<!-- Generated by org.testng.reporters.JUnitReportReporter -->
<testsuite hostname="LITU" name="com.demo.testng.Example3" tests="6" failures="0" timestamp="14 Aug 2018 07:07:31 GMT" time="0.022" errors="0">
  <testcase name="enduser" time="0.002" classname="com.demo.testng.Example3"/>
  <testcase name="loginhome" time="0.003" classname="com.demo.testng.Example3"/>
  <testcase name="loginhome" time="0.008" classname="com.demo.testng.Example3"/>
  <testcase name="logouthome" time="0.005" classname="com.demo.testng.Example3"/>
  <testcase name="logouthome" time="0.002" classname="com.demo.testng.Example3"/>
  <testcase name="enduser" time="0.002" classname="com.demo.testng.Example3"/>
</testsuite> <!-- com.demo.testng.Example3 -->
