<?xml version="1.0" encoding="UTF-8"?>
<!-- Generated by org.testng.reporters.JUnitReportReporter -->
<testsuite hostname="LITU" name="com.testng.annotations.Example" tests="3" failures="0" timestamp="23 Oct 2018 15:13:31 GMT" time="0.044" errors="0">
  <testcase name="tc_2" time="0.002" classname="com.testng.annotations.Example"/>
  <testcase name="tc_1" time="0.041" classname="com.testng.annotations.Example"/>
  <testcase name="tc_3" time="0.001" classname="com.testng.annotations.Example"/>
</testsuite> <!-- com.testng.annotations.Example -->
