<?xml version="1.0" encoding="UTF-8"?>
<!-- Generated by org.testng.reporters.JUnitReportReporter -->
<testsuite hostname="LITU" name="com.testng.dataprovider.Test2" tests="3" failures="0" timestamp="30 Aug 2018 14:49:24 GMT" time="0.013" errors="0">
  <testcase name="tc_5" time="0.004" classname="com.testng.dataprovider.Test2"/>
  <testcase name="tc_6" time="0.005" classname="com.testng.dataprovider.Test2"/>
  <testcase name="tc_4" time="0.004" classname="com.testng.dataprovider.Test2"/>
</testsuite> <!-- com.testng.dataprovider.Test2 -->
