<?xml version="1.0" encoding="UTF-8"?>
<!-- Generated by org.testng.reporters.JUnitReportReporter -->
<testsuite hostname="LITU" name="com.testng.groupexecution.Test3" tests="6" failures="0" timestamp="23 Oct 2018 15:17:13 GMT" time="0.057" errors="0">
  <testcase name="tc_7" time="0.002" classname="com.testng.groupexecution.Test3"/>
  <testcase name="tc_8" time="0.002" classname="com.testng.groupexecution.Test3"/>
  <testcase name="tc_8" time="0.002" classname="com.testng.groupexecution.Test3"/>
  <testcase name="tc_9" time="0.002" classname="com.testng.groupexecution.Test3"/>
  <testcase name="tc_9" time="0.046" classname="com.testng.groupexecution.Test3"/>
  <testcase name="tc_7" time="0.003" classname="com.testng.groupexecution.Test3"/>
</testsuite> <!-- com.testng.groupexecution.Test3 -->
