<?xml version="1.0" encoding="UTF-8"?>
<!-- Generated by org.testng.reporters.JUnitReportReporter -->
<testsuite hostname="LITU" name="com.demo.Testcase1" tests="1" failures="0" timestamp="30 Aug 2018 14:38:09 GMT" time="0.019" errors="0">
  <testcase name="tc_3" time="0.019" classname="com.demo.Testcase1"/>
</testsuite> <!-- com.demo.Testcase1 -->
