<?xml version="1.0" encoding="UTF-8"?>
<!-- Generated by org.testng.reporters.JUnitReportReporter -->
<testsuite hostname="LITU" name="IncludeAndExclude.Test3" tests="6" failures="0" timestamp="27 Sep 2018 06:01:36 GMT" time="0.019" errors="0">
  <testcase name="logouttestcase" time="0.004" classname="IncludeAndExclude.Test3"/>
  <testcase name="logoutend" time="0.002" classname="IncludeAndExclude.Test3"/>
  <testcase name="loginstart" time="0.003" classname="IncludeAndExclude.Test3"/>
  <testcase name="logoutstart" time="0.004" classname="IncludeAndExclude.Test3"/>
  <testcase name="logintestcase" time="0.003" classname="IncludeAndExclude.Test3"/>
  <testcase name="loginbase" time="0.003" classname="IncludeAndExclude.Test3"/>
</testsuite> <!-- IncludeAndExclude.Test3 -->
