<?xml version="1.0" encoding="UTF-8"?>
<!-- Generated by org.testng.reporters.JUnitReportReporter -->
<testsuite hostname="LITU" name="com.testng.groupexecution.Test2" tests="4" failures="0" timestamp="23 Oct 2018 15:17:13 GMT" time="0.031" errors="0">
  <testcase name="tc_5" time="0.003" classname="com.testng.groupexecution.Test2"/>
  <testcase name="tc_5" time="0.005" classname="com.testng.groupexecution.Test2"/>
  <testcase name="tc_4" time="0.003" classname="com.testng.groupexecution.Test2"/>
  <testcase name="tc_4" time="0.020" classname="com.testng.groupexecution.Test2"/>
</testsuite> <!-- com.testng.groupexecution.Test2 -->
