<?xml version="1.0" encoding="UTF-8"?>
<!-- Generated by org.testng.reporters.JUnitReportReporter -->
<testsuite hostname="LITU" name="com.testng.batchexecution.Test1" tests="3" failures="0" timestamp="3 May 2018 18:55:03 GMT" time="0.027" errors="0">
  <testcase name="tc_1" time="0.016" classname="com.testng.batchexecution.Test1"/>
  <testcase name="tc_2" time="0.005" classname="com.testng.batchexecution.Test1"/>
  <testcase name="tc_3" time="0.006" classname="com.testng.batchexecution.Test1"/>
</testsuite> <!-- com.testng.batchexecution.Test1 -->
