<?xml version="1.0" encoding="UTF-8"?>
<!-- Generated by org.testng.reporters.JUnitReportReporter -->
<testsuite hostname="LITU" name="com.testng.parrallelexecution.Test2" tests="9" failures="0" timestamp="14 Aug 2018 07:27:04 GMT" time="0.020" errors="0">
  <testcase name="tc_5" time="0.003" classname="com.testng.parrallelexecution.Test2"/>
  <testcase name="tc_5" time="0.002" classname="com.testng.parrallelexecution.Test2"/>
  <testcase name="tc_4" time="0.002" classname="com.testng.parrallelexecution.Test2"/>
  <testcase name="tc_4" time="0.004" classname="com.testng.parrallelexecution.Test2"/>
  <testcase name="tc_5" time="0.003" classname="com.testng.parrallelexecution.Test2"/>
  <testcase name="tc_4" time="0.001" classname="com.testng.parrallelexecution.Test2"/>
  <testcase name="tc_3" time="0.002" classname="com.testng.parrallelexecution.Test2"/>
  <testcase name="tc_3" time="0.001" classname="com.testng.parrallelexecution.Test2"/>
  <testcase name="tc_3" time="0.002" classname="com.testng.parrallelexecution.Test2"/>
</testsuite> <!-- com.testng.parrallelexecution.Test2 -->
