<?xml version="1.0" encoding="UTF-8"?>
<!-- Generated by org.testng.reporters.JUnitReportReporter -->
<testsuite hostname="LITU" name="com.testng.dataprovider.Test3" tests="6" failures="0" timestamp="30 Aug 2018 14:49:24 GMT" time="0.026" errors="0">
  <testcase name="logouttestcase" time="0.014" classname="com.testng.dataprovider.Test3"/>
  <testcase name="logoutend" time="0.002" classname="com.testng.dataprovider.Test3"/>
  <testcase name="logoutstart" time="0.002" classname="com.testng.dataprovider.Test3"/>
  <testcase name="loginbase" time="0.003" classname="com.testng.dataprovider.Test3"/>
  <testcase name="loginstart" time="0.002" classname="com.testng.dataprovider.Test3"/>
  <testcase name="logintestcase" time="0.003" classname="com.testng.dataprovider.Test3"/>
</testsuite> <!-- com.testng.dataprovider.Test3 -->
