<?xml version="1.0" encoding="UTF-8"?>
<!-- Generated by org.testng.reporters.JUnitReportReporter -->
<testsuite hostname="LITU" name="pac3.ModifyUser" tests="3" failures="0" timestamp="13 Aug 2018 18:32:47 GMT" time="0.004" errors="0">
  <testcase name="deletecustomertest" time="0.002" classname="pac3.ModifyUser"/>
  <testcase name="creatcustomertest" time="0.001" classname="pac3.ModifyUser"/>
  <testcase name="modifycustomertest" time="0.001" classname="pac3.ModifyUser"/>
</testsuite> <!-- pac3.ModifyUser -->
