<?xml version="1.0" encoding="UTF-8"?>
<!-- Generated by org.testng.reporters.JUnitReportReporter -->
<testsuite hostname="LITU" name="com.demo.testng.Example1" tests="3" failures="0" timestamp="14 Aug 2018 07:30:26 GMT" time="163.794" errors="0">
  <testcase name="loginpassword" time="44.756" classname="com.demo.testng.Example1"/>
  <testcase name="loginpassword" time="59.494" classname="com.demo.testng.Example1"/>
  <testcase name="loginpassword" time="59.544" classname="com.demo.testng.Example1"/>
</testsuite> <!-- com.demo.testng.Example1 -->
