<?xml version="1.0" encoding="UTF-8"?>
<!-- Generated by org.testng.reporters.JUnitReportReporter -->
<testsuite hostname="LITU" name="com.pagefactoryTest.ApplicationTest" tests="1" failures="0" timestamp="12 Apr 2018 20:42:07 GMT" time="19.487" errors="0">
  <testcase name="TestCase" time="19.487" classname="com.pagefactoryTest.ApplicationTest"/>
</testsuite> <!-- com.pagefactoryTest.ApplicationTest -->
