<?xml version="1.0" encoding="UTF-8"?>
<!-- Generated by org.testng.reporters.JUnitReportReporter -->
<testsuite hostname="LITU" name="IncludeAndExclude.Test2" tests="3" failures="0" timestamp="27 Sep 2018 06:01:36 GMT" time="0.009" errors="0">
  <testcase name="tc_6" time="0.002" classname="IncludeAndExclude.Test2"/>
  <testcase name="tc_4" time="0.003" classname="IncludeAndExclude.Test2"/>
  <testcase name="tc_5" time="0.004" classname="IncludeAndExclude.Test2"/>
</testsuite> <!-- IncludeAndExclude.Test2 -->
