<?xml version="1.0" encoding="UTF-8"?>
<!-- Generated by org.testng.reporters.JUnitReportReporter -->
<testsuite hostname="LITU" name="com.testng.annotations.PriorityDemo" tests="4" failures="0" timestamp="23 Oct 2018 15:14:11 GMT" time="0.027" errors="0">
  <testcase name="tc_1" time="0.001" classname="com.testng.annotations.PriorityDemo"/>
  <testcase name="tc_2" time="0.002" classname="com.testng.annotations.PriorityDemo"/>
  <testcase name="tc_3" time="0.021" classname="com.testng.annotations.PriorityDemo"/>
  <testcase name="tc_5" time="0.003" classname="com.testng.annotations.PriorityDemo"/>
</testsuite> <!-- com.testng.annotations.PriorityDemo -->
