<?xml version="1.0" encoding="UTF-8"?>
<!-- Generated by org.testng.reporters.JUnitReportReporter -->
<testsuite hostname="LITU" name="com.testng.groupexecution.Test1" tests="6" failures="0" timestamp="23 Oct 2018 15:17:13 GMT" time="0.110" errors="0">
  <testcase name="tc_2" time="0.032" classname="com.testng.groupexecution.Test1"/>
  <testcase name="tc_3" time="0.001" classname="com.testng.groupexecution.Test1"/>
  <testcase name="tc_1" time="0.033" classname="com.testng.groupexecution.Test1"/>
  <testcase name="tc_1" time="0.033" classname="com.testng.groupexecution.Test1"/>
  <testcase name="tc_2" time="0.003" classname="com.testng.groupexecution.Test1"/>
  <testcase name="tc_3" time="0.008" classname="com.testng.groupexecution.Test1"/>
</testsuite> <!-- com.testng.groupexecution.Test1 -->
