<?xml version="1.0" encoding="UTF-8"?>
<!-- Generated by org.testng.reporters.JUnitReportReporter -->
<testsuite hostname="LITU" name="com.propertiesfileread.DataBase" tests="1" failures="0" timestamp="14 Aug 2018 10:27:52 GMT" time="0.016" errors="0">
  <testcase name="Login" time="0.016" classname="com.propertiesfileread.DataBase"/>
</testsuite> <!-- com.propertiesfileread.DataBase -->
