<?xml version="1.0" encoding="UTF-8"?>
<!-- Generated by org.testng.reporters.JUnitReportReporter -->
<testsuite hostname="LITU" name="App.RunApp" tests="1" failures="0" timestamp="15 Aug 2018 13:10:50 GMT" time="63.711" errors="0">
  <testcase name="t" time="63.711" classname="App.RunApp"/>
</testsuite> <!-- App.RunApp -->
